<?xml version="1.0" encoding="UTF-8"?>
<testsuite xmlns:xsi="http://www.w3.org/2001/XMLSchema-instance" xsi:noNamespaceSchemaLocation="https://maven.apache.org/surefire/maven-surefire-plugin/xsd/surefire-test-report.xsd" name="test_runners.Test_runner01" time="9.261" tests="1" errors="0" skipped="0" failures="1">
  <properties>
[...]
</properties>
  <testcase name="advanced search link" classname="home page ebay" time="8.583">
    <failure message="expected:&lt;...vanced Search | eBay[a]&gt; but was:&lt;...vanced Search | eBay[]&gt;" type="org.junit.ComparisonFailure"><![CDATA[org.junit.ComparisonFailure: expected:<...vanced Search | eBay[a]> but was:<...vanced Search | eBay[]>
]]></failure>
    <system-out><![CDATA[
@smoke
Scenario: advanced search link            # features/Ebay_home.feature:7
  Given i am on ebay home page            # steps.Ebay_home_steps.navigatetoebayhome()
  When i click on advanced link           # steps.Ebay_home_steps.clicklink()
  Then i navigate to advanced search page # steps.Ebay_home_steps.navigateadvancedsearch()
      org.junit.ComparisonFailure: expected:<...vanced Search | eBay[a]> but was:<...vanced Search | eBay[]>
	at org.junit.Assert.assertEquals(Assert.java:117)
	at org.junit.Assert.assertEquals(Assert.java:146)
	at steps.Ebay_home_steps.navigateadvancedsearch(Ebay_home_steps.java:42)
	at âœ½.i navigate to advanced search page(file:///D:/formation/session%201/ALGORITHMES%20ET%20INITATION%20Ã€%20LA%20PROGRAMMATION/programme%20java/Projet_cucumber/features/Ebay_home.feature:10)


    Embedding advanced search link [image/png 98470 bytes]

]]></system-out>
    <system-err><![CDATA[SLF4J: No SLF4J providers were found.
SLF4J: Defaulting to no-operation (NOP) logger implementation
SLF4J: See https://www.slf4j.org/codes.html#noProviders for further details.
1683575155050	geckodriver	INFO	Listening on 127.0.0.1:62156
1683575155398	mozrunner::runner	INFO	Running command: "C:\\Program Files\\Mozilla Firefox\\firefox.exe" "--marionette" "--remote-debugging-port" "62631" "--remote ... ow-origins" "http://localhost:62631/" "-no-remote" "-profile" "C:\\Users\\14383\\AppData\\Local\\Temp\\rust_mozprofilek11AZe"
console.warn: services.settings: Ignoring preference override of remote settings server
console.warn: services.settings: Allow by setting MOZ_REMOTE_SETTINGS_DEVTOOLS=1 in the environment
1683575155850	Marionette	INFO	Marionette enabled
Dynamically enable window occlusion 0
1683575155864	Marionette	INFO	Listening on port 63958
Read port: 63958
WebDriver BiDi listening on ws://127.0.0.1:62631
1683575156034	RemoteAgent	WARN	TLS certificate errors will be ignored for this session
console.warn: SearchSettings: "get: No settings file exists, new profile?" (new NotFoundError("Could not open the file at C:\\Users\\14383\\AppData\\Local\\Temp\\rust_mozprofilek11AZe\\search.json.mozlz4", (void 0)))
[ERROR glean_core] Error setting metrics feature config: Json(Error("EOF while parsing a value", line: 1, column: 0))
DevTools listening on ws://127.0.0.1:62631/devtools/browser/22508ddf-59c3-456f-84fb-2c55d6fa15b0
mai 08, 2023 3:45:57 P.M. org.openqa.selenium.remote.ProtocolHandshake createSession
INFOS: Detected upstream dialect: W3C
1683575161225	Marionette	INFO	Stopped listening on port 63958
Dynamically enable window occlusion 1
WARNING: A blocker encountered an error while we were waiting.
          Blocker:  Waiting for ping task
          Phase: TelemetryController: Waiting for pending ping activity
          State: (none)
WARNING: Error: Phase "profile-before-change" is finished, it is too late to register completion condition "OS.File: flush I/O queued before profileBeforeChange"
WARNING: addBlocker@resource://gre/modules/AsyncShutdown.sys.mjs:727:15
addBlocker@resource://gre/modules/AsyncShutdown.sys.mjs:523:26
addBlocker@resource://gre/modules/AsyncShutdown.sys.mjs:458:15
setupShutdown@resource://gre/modules/osfile/osfile_async_front.jsm:1548:28
@resource://gre/modules/osfile/osfile_async_front.jsm:1568:16
@resource://gre/modules/osfile.jsm:12:30
@resource://gre/modules/TelemetryStorage.sys.mjs:10:28
_checkPendingPings@resource://gre/modules/TelemetrySend.sys.mjs:863:17
setup@resource://gre/modules/TelemetrySend.sys.mjs:803:18
setup@resource://gre/modules/TelemetrySend.sys.mjs:241:30
setupTelemetry/this._delayedInitTask<@resource://gre/modules/TelemetryControllerParent.sys.mjs:824:36
observe@resource://gre/modules/AsyncShutdown.sys.mjs:576:16

console.error: "TelemetryScheduler.shutdown - Already shut down"
WARNING: A blocker encountered an error while we were waiting.
          Blocker:  Waiting for ping task
          Phase: TelemetryController: Waiting for pending ping activity
          State: (none)
WARNING: Error: Phase "profile-before-change" is finished, it is too late to register completion condition "OS.File: flush I/O queued before profileBeforeChange"
WARNING: addBlocker@resource://gre/modules/AsyncShutdown.sys.mjs:727:15
addBlocker@resource://gre/modules/AsyncShutdown.sys.mjs:523:26
addBlocker@resource://gre/modules/AsyncShutdown.sys.mjs:458:15
setupShutdown@resource://gre/modules/osfile/osfile_async_front.jsm:1548:28
@resource://gre/modules/osfile/osfile_async_front.jsm:1568:16
@resource://gre/modules/osfile.jsm:12:30
@resource://gre/modules/TelemetryStorage.sys.mjs:10:28
_checkPendingPings@resource://gre/modules/TelemetrySend.sys.mjs:863:17
setup@resource://gre/modules/TelemetrySend.sys.mjs:803:18
setup@resource://gre/modules/TelemetrySend.sys.mjs:241:30
setupTelemetry/this._delayedInitTask<@resource://gre/modules/TelemetryControllerParent.sys.mjs:824:36
observe@resource://gre/modules/AsyncShutdown.sys.mjs:576:16

WARNING: A blocker encountered an error while we were waiting.
          Blocker:  Waiting for ping task
          Phase: TelemetryController: Waiting for pending ping activity
          State: (none)
WARNING: Error: Phase "profile-before-change" is finished, it is too late to register completion condition "OS.File: flush I/O queued before profileBeforeChange"
WARNING: addBlocker@resource://gre/modules/AsyncShutdown.sys.mjs:727:15
addBlocker@resource://gre/modules/AsyncShutdown.sys.mjs:523:26
addBlocker@resource://gre/modules/AsyncShutdown.sys.mjs:458:15
setupShutdown@resource://gre/modules/osfile/osfile_async_front.jsm:1548:28
@resource://gre/modules/osfile/osfile_async_front.jsm:1568:16
@resource://gre/modules/osfile.jsm:12:30
@resource://gre/modules/TelemetryStorage.sys.mjs:10:28
_checkPendingPings@resource://gre/modules/TelemetrySend.sys.mjs:863:17
setup@resource://gre/modules/TelemetrySend.sys.mjs:803:18
setup@resource://gre/modules/TelemetrySend.sys.mjs:241:30
setupTelemetry/this._delayedInitTask<@resource://gre/modules/TelemetryControllerParent.sys.mjs:824:36
observe@resource://gre/modules/AsyncShutdown.sys.mjs:576:16

WARNING: A blocker encountered an error while we were waiting.
          Blocker:  TJavelemetryControaScript error: ller: shutting down
          Phase: profileresource://gre/modules/Async-before-chanShutdown.sys.mjs, line 727: Erroge-telemetry
          State:r: Error getting state: Error: Phase "profile-b Phase "profile-before-change" is finished, it iefors too late to regie-change"ste is finished, it is too late to register comr completion condition "OS.File: flush I/O queuedpl before profileBeforeChange"
eJavaScript errotir: resource://gre/modules/Asonyn concShudition "OS.File: flush I/O queued btdown.efore prsys.mjs, line 727: Error: Phase "profile-before-change" is fiofileBenished, itforeCh is too late toange" a register completion condition "OS.File: flut sh I/O queued before profileBeforeChange"
JavaScriaddBptlo error: resource://gre/modules/AsyncShutdown.sys.mjs, line 727: Error: Pckhase "profile-before-change" is finerished, it is too late to r@resource://gre/moduegister completion lecondition "OS.File: flush I/O queued before profileBeforeChans/AsyncShutdown.sys.mjs:727:15
addBlocker@resource://gre/modge"ul
JavaScript error: resource://gres/AsyncShue/modules/AstdyncShutdown.sysown.sy.ms.mjs:523:26
addBlocker@resourjs, line 727: Error: Phase "profile-before-change" is finished, ce://gre/moitdules/AsyncShutdown.sys.mjs:458 is too late to register completion conditi:15
setupShutdown@resouon "OSrce://gre/modules/osfile/os.Fifile_async_front.jsm:1548:28
@resource://gre/modules/ole: flush I/O queued before profileBeforeChansfge"
JavaScript error:ile/osf ile_resource://gre/modules/AsasyncShutdown.sysyn.mjs, line 727:c_ Error: Phase "profile-befront.jsm:1568:16
@resource://gre/modules/osfifore-changel" is finise.jsmhed, it is too late to reg:12:30
@resource:/ister completion condition "OS.File: flush I/O queued bef/gore profileBeforeChange"
JavaScript error: resource://gre/mre/modules/TelemetryStorage.sys.odmjs:10:28ul
_checkPendingPings@resource://gres/AsyncShutdown.sys.mje/mos, lindules/Telemete 727: Error: Phase "prySend.sys.mjs:863:17
seturofile-before-chap@resourcenge" ://gre/modules/TelemetrySend.sys.mjs:803:18
setup@irs fesoinurcishede://gre/m, it odisu les/Telemtoo laetryte to register completion condition "OS.File: Seflush I/O queued bend.sys.mjfore s:241:30
setprofileBeforeChange"upTelemetry/this._delayedIni
tTask<@resource://gre/modules/TelemetryControllerParent.sys.mjs:824:36
observe@resource://gre/modules/AsyncShutdown.sys.mjs:576:16

WARNING: Error: Phase "profile-before-change" is finished, it is too late to register completion condition "OS.File: flush I/O queued before profileBeforeChange"
WARNING: addBlocker@resource://gre/modules/AsyncShutdown.sys.mjs:727:15
addBlocker@resource://gre/modules/AsyncShutdown.sys.mjs:523:26
addBlocker@resource://gre/modules/AsyncShutdown.sys.mjs:458:15
setupShutdown@resource://gre/modules/osfile/osfile_async_front.jsm:1548:28
@resource://gre/modules/osfile/osfile_async_front.jsm:1568:16
@resource://gre/modules/osfile.jsm:12:30
@resource://gre/modules/TelemetryStorage.sys.mjs:10:28
_checkPendingPings@resource://gre/modules/TelemetrySend.sys.mjs:863:17
setup@resource://gre/modules/TelemetrySend.sys.mjs:803:18
setup@resource://gre/modules/TelemetrySend.sys.mjs:241:30
setupTelemetry/this._delayedInitTask<@resource://gre/modules/TelemetryControllerParent.sys.mjs:824:36
observe@resource://gre/modules/AsyncShutdown.sys.mjs:576:16

]]></system-err>
  </testcase>
</testsuite>