-------------------------------------------------------------------------------
Test set: test_runners.Test_runner01
-------------------------------------------------------------------------------
Tests run: 1, Failures: 1, Errors: 0, Skipped: 0, Time elapsed: 9.261 s <<< FAILURE! - in test_runners.Test_runner01
advanced search link(home page ebay)  Time elapsed: 8.583 s  <<< FAILURE!
org.junit.ComparisonFailure: expected:<...vanced Search | eBay[a]> but was:<...vanced Search | eBay[]>

